<?xml version="1.0" encoding="UTF-8"?>
<!-- Generated by org.testng.reporters.JUnitReportReporter -->
<testsuite hostname="DESKTOP-61VG6O9" failures="0" tests="3" name="testNG.Login" time="2.833" errors="0" timestamp="2022-11-19T15:57:34 EET" skipped="0">
  <testcase classname="testNG.Login" name="tet_ExitingUserName" time="0.020"/>
  <system-out/>
  <testcase classname="testNG.Login" name="tet_LogutProcess" time="0.010"/>
  <system-out/>
  <testcase classname="testNG.Login" name="test_Title" time="2.803"/>
  <system-out/>
</testsuite> <!-- testNG.Login -->
